<?xml version="1.0" encoding="UTF-8"?>
<!-- Generated by org.testng.reporters.JUnitReportReporter -->
<testsuite hostname="TechAltum-PC" name="march_24.DBconn" tests="1" failures="0" timestamp="24 Mar 2015 04:28:18 GMT" time="1.927" errors="0">
  <testcase name="atTest" time="1.927" classname="march_24.DBconn"/>
</testsuite> <!-- march_24.DBconn -->
