<?xml version="1.0" encoding="UTF-8"?>
<!-- Generated by org.testng.reporters.JUnitReportReporter -->
<testsuite hostname="TechAltum-PC" name="myPack2.LoginTest" tests="1" failures="0" timestamp="2 Nov 2014 12:11:51 GMT" time="37.979" errors="0">
  <testcase name="seatNumber" time="37.979" classname="myPack2.LoginTest"/>
</testsuite> <!-- myPack2.LoginTest -->
