<?xml version="1.0" encoding="UTF-8"?>
<!-- Generated by org.testng.reporters.JUnitReportReporter -->
<testsuite hostname="TechAltum-PC" name="pageObject.TC01" tests="1" failures="0" timestamp="24 Mar 2015 05:09:34 GMT" time="19.635" errors="0">
  <testcase name="atTest" time="19.635" classname="pageObject.TC01"/>
</testsuite> <!-- pageObject.TC01 -->
