<?xml version="1.0" encoding="UTF-8"?>
<!-- Generated by org.testng.reporters.JUnitReportReporter -->
<testsuite hostname="TechAltum-PC" name="start_June_06.Calander" tests="1" failures="0" timestamp="6 Jun 2015 12:40:40 GMT" time="45.177" errors="0">
  <testcase name="table" time="45.177" classname="start_June_06.Calander"/>
</testsuite> <!-- start_June_06.Calander -->
