<?xml version="1.0" encoding="UTF-8"?>
<!-- Generated by org.testng.reporters.JUnitReportReporter -->
<testsuite hostname="TechAltum-PC" name="myPack1.TC03" tests="1" failures="0" timestamp="15 Nov 2014 09:01:52 GMT" time="3.957" errors="0">
  <testcase name="atTest" time="3.957" classname="myPack1.TC03"/>
</testsuite> <!-- myPack1.TC03 -->
